{
  "0 debug pnpm:scope": {
    "selected": 1
  },
  "1 debug pnpm:package-manifest": {
    "initial": {
      "name": "client",
      "version": "0.0.1",
      "private": true,
      "scripts": {
        "dev": "vite dev",
        "build": "vite build",
        "preview": "vite preview",
        "check": "svelte-kit sync && svelte-check --tsconfig ./tsconfig.json",
        "check:watch": "svelte-kit sync && svelte-check --tsconfig ./tsconfig.json --watch",
        "lint": "eslint ."
      },
      "devDependencies": {
        "@sveltejs/adapter-auto": "^3.0.0",
        "@sveltejs/kit": "^2.0.0",
        "@sveltejs/vite-plugin-svelte": "^3.0.0",
        "@typescript-eslint/eslint-plugin": "^6.0.0",
        "@typescript-eslint/parser": "^6.0.0",
        "autoprefixer": "^10.4.16",
        "eslint": "^8.28.0",
        "eslint-plugin-svelte": "^2.30.0",
        "postcss": "^8.4.32",
        "postcss-load-config": "^5.0.2",
        "svelte": "^4.2.7",
        "svelte-check": "^3.6.0",
        "tailwindcss": "^3.3.6",
        "tslib": "^2.4.1",
        "typescript": "^5.0.0",
        "vite": "^5.0.3"
      },
      "type": "module"
    },
    "prefix": "/Users/ganeshmani/Desktop/cloudnativemaster.com/file-handler-app/client"
  },
  "2 debug pnpm:context": {
    "currentLockfileExists": false,
    "storeDir": "/Users/ganeshmani/.pnpm-store/v3",
    "virtualStoreDir": "/Users/ganeshmani/Desktop/cloudnativemaster.com/file-handler-app/client/node_modules/.pnpm"
  },
  "3 debug pnpm:stage": {
    "prefix": "/Users/ganeshmani/Desktop/cloudnativemaster.com/file-handler-app/client",
    "stage": "resolution_started"
  },
  "4 debug pnpm:_dependency_resolved": {
    "resolution": "registry.npmjs.org/tslib/2.6.2",
    "wanted": {
      "dependentId": ".",
      "name": "tslib",
      "rawSpec": "^2.4.1"
    }
  },
  "5 debug pnpm:progress": {
    "packageId": "registry.npmjs.org/tslib/2.6.2",
    "requester": "/Users/ganeshmani/Desktop/cloudnativemaster.com/file-handler-app/client",
    "status": "resolved"
  },
  "6 debug pnpm:progress": {
    "packageId": "registry.npmjs.org/tslib/2.6.2",
    "requester": "/Users/ganeshmani/Desktop/cloudnativemaster.com/file-handler-app/client",
    "status": "found_in_store"
  },
  "7 debug pnpm:_dependency_resolved": {
    "resolution": "registry.npmjs.org/eslint/8.56.0",
    "wanted": {
      "dependentId": ".",
      "name": "eslint",
      "rawSpec": "^8.28.0"
    }
  },
  "8 debug pnpm:progress": {
    "packageId": "registry.npmjs.org/eslint/8.56.0",
    "requester": "/Users/ganeshmani/Desktop/cloudnativemaster.com/file-handler-app/client",
    "status": "resolved"
  },
  "9 warn pnpm:install-check": {
    "message": "Unsupported engine for registry.npmjs.org/vite/5.0.10: wanted: {\"node\":\"^18.0.0 || >=20.0.0\"} (current: {\"node\":\"v14.17.0\",\"pnpm\":\"6.32.11\"})",
    "prefix": "/Users/ganeshmani/Desktop/cloudnativemaster.com/file-handler-app/client"
  },
  "10 error pnpm": {
    "code": "ERR_PNPM_UNSUPPORTED_ENGINE",
    "packageId": "registry.npmjs.org/vite/5.0.10",
    "wanted": {
      "node": "^18.0.0 || >=20.0.0"
    },
    "current": {
      "node": "v14.17.0",
      "pnpm": "6.32.11"
    },
    "pkgsStack": [],
    "err": {
      "name": "pnpm",
      "message": "Unsupported engine for registry.npmjs.org/vite/5.0.10: wanted: {\"node\":\"^18.0.0 || >=20.0.0\"} (current: {\"node\":\"v14.17.0\",\"pnpm\":\"6.32.11\"})",
      "code": "ERR_PNPM_UNSUPPORTED_ENGINE",
      "stack": "pnpm: Unsupported engine for registry.npmjs.org/vite/5.0.10: wanted: {\"node\":\"^18.0.0 || >=20.0.0\"} (current: {\"node\":\"v14.17.0\",\"pnpm\":\"6.32.11\"})\n    at checkEngine (/snapshot/dist/pnpm.cjs)\n    at checkPackage (/snapshot/dist/pnpm.cjs)\n    at packageIsInstallable (/snapshot/dist/pnpm.cjs)\n    at resolveAndFetch (/snapshot/dist/pnpm.cjs)\n    at runMicrotasks (<anonymous>)\n    at processTicksAndRejections (internal/process/task_queues.js:95:5)\n    at async resolveDependency (/snapshot/dist/pnpm.cjs)\n    at async resolveDependenciesOfDependency (/snapshot/dist/pnpm.cjs)\n    at async Promise.all (index 15)\n    at async resolveDependencies (/snapshot/dist/pnpm.cjs)"
    }
  },
  "11 debug pnpm:progress": {
    "packageId": "registry.npmjs.org/eslint/8.56.0",
    "requester": "/Users/ganeshmani/Desktop/cloudnativemaster.com/file-handler-app/client",
    "status": "found_in_store"
  }
}